<?xml version="1.0" encoding="UTF-8"?>
<!-- Generated by org.testng.reporters.JUnitReportReporter -->
<testsuite hostname="LAPTOP-A53TTVVU" failures="0" tests="2" name="Test.Num1" time="0.009" errors="0" timestamp="2020-05-22T13:55:18 IST" skipped="0">
  <testcase classname="Test.Num1" name="add" time="0.008"/>
  <system-out/>
  <testcase classname="Test.Num1" name="sub" time="0.001"/>
  <system-out/>
</testsuite> <!-- Test.Num1 -->
