<?xml version="1.0" encoding="UTF-8"?>
<!-- Generated by org.testng.reporters.JUnitReportReporter -->
<testsuite hostname="LAPTOP-A53TTVVU" failures="0" tests="1" name="Test.Num2" time="0.001" errors="0" timestamp="2020-05-22T13:55:18 IST" skipped="0">
  <testcase classname="Test.Num2" name="addtwo" time="0.001"/>
  <system-out/>
</testsuite> <!-- Test.Num2 -->
